<?xml version="1.0" encoding="UTF-8"?>
<Site BuildName="(empty)"
	BuildStamp="20240821-0102-Experimental"
	Name="robot"
	Generator="ctest-3.16.3"
	CompilerName="/usr/bin/c++"
	CompilerVersion="9.4.0"
	OSName="Linux"
	Hostname="robot"
	OSRelease="5.15.0-117-generic"
	OSVersion="#127~20.04.1-Ubuntu SMP Thu Jul 11 15:36:12 UTC 2024"
	OSPlatform="x86_64"
	Is64Bits="1"
	VendorString="AuthenticAMD"
	VendorID="Advanced Micro Devices"
	FamilyID="23"
	ModelID="24"
	ProcessorCacheSize="512"
	NumberOfLogicalCPU="8"
	NumberOfPhysicalCPU="4"
	TotalVirtualMemory="1392"
	TotalPhysicalMemory="13879"
	LogicalProcessorsPerPhysical="2"
	ProcessorClockFrequency="2300"
	>
	<Testing>
		<StartDateTime>Aug 20 21:11 EDT</StartDateTime>
		<StartTestTime>1724202719</StartTestTime>
		<TestList/>
		<EndDateTime>Aug 20 21:11 EDT</EndDateTime>
		<EndTestTime>1724202719</EndTestTime>
		<ElapsedMinutes>0</ElapsedMinutes>
	</Testing>
</Site>
